2012-03-20T18:26:42+00:00: Application error
exception 'PDOException' with message 'SQLSTATE[28000] [1045] Access denied for user 'root'@'localhost' (using password: NO)' in /var/www/trainingbook-dev.lv/doctirne/DoctrineORM-2.1.6/Doctrine/DBAL/Driver/PDOConnection.php:36
Stack trace:
#0 /var/www/trainingbook-dev.lv/doctirne/DoctrineORM-2.1.6/Doctrine/DBAL/Driver/PDOConnection.php(36): PDO->__construct('mysql:host=loca...', 'root', '', Array)
#1 /var/www/trainingbook-dev.lv/doctirne/DoctrineORM-2.1.6/Doctrine/DBAL/Driver/PDOMySql/Driver.php(47): Doctrine\DBAL\Driver\PDOConnection->__construct('mysql:host=loca...', 'root', '', Array)
#2 /var/www/trainingbook-dev.lv/doctirne/DoctrineORM-2.1.6/Doctrine/DBAL/Connection.php(342): Doctrine\DBAL\Driver\PDOMySql\Driver->connect(Array, 'root', '', Array)
#3 /var/www/trainingbook-dev.lv/doctirne/DoctrineORM-2.1.6/Doctrine/DBAL/Connection.php(853): Doctrine\DBAL\Connection->connect()
#4 /var/www/trainingbook-dev.lv/tb/TrainingBook/application/Service/ServiceManager.php(52): Doctrine\DBAL\Connection->beginTransaction()
#5 [internal function]: Service\ServiceManager->__call('getCurrentUser', Array)
#6 /var/www/trainingbook-dev.lv/tb/TrainingBook/application/controllers/NewsFeedController.php(38): Service\ServiceManager->getCurrentUser()
#7 /var/www/trainingbook-dev.lv/zend/library/Zend/Controller/Action.php(516): NewsFeedController->indexAction()
#8 /var/www/trainingbook-dev.lv/zend/library/Zend/Controller/Dispatcher/Standard.php(295): Zend_Controller_Action->dispatch('indexAction')
#9 /var/www/trainingbook-dev.lv/zend/library/Zend/Controller/Front.php(954): Zend_Controller_Dispatcher_Standard->dispatch(Object(Zend_Controller_Request_Http), Object(Zend_Controller_Response_Http))
#10 /var/www/trainingbook-dev.lv/zend/library/Zend/Application/Bootstrap/Bootstrap.php(97): Zend_Controller_Front->dispatch()
#11 /var/www/trainingbook-dev.lv/zend/library/Zend/Application.php(366): Zend_Application_Bootstrap_Bootstrap->run()
#12 /var/www/trainingbook-dev.lv/tb/TrainingBook/public/index.php(36): Zend_Application->run()
#13 {main}
Array
(
    [controller] => index
    [action] => index
    [module] => default
)
 -- %info%2012-03-20T18:26:51+00:00: Application error
exception 'PDOException' with message 'SQLSTATE[28000] [1045] Access denied for user 'root'@'localhost' (using password: NO)' in /var/www/trainingbook-dev.lv/doctirne/DoctrineORM-2.1.6/Doctrine/DBAL/Driver/PDOConnection.php:36
Stack trace:
#0 /var/www/trainingbook-dev.lv/doctirne/DoctrineORM-2.1.6/Doctrine/DBAL/Driver/PDOConnection.php(36): PDO->__construct('mysql:host=loca...', 'root', '', Array)
#1 /var/www/trainingbook-dev.lv/doctirne/DoctrineORM-2.1.6/Doctrine/DBAL/Driver/PDOMySql/Driver.php(47): Doctrine\DBAL\Driver\PDOConnection->__construct('mysql:host=loca...', 'root', '', Array)
#2 /var/www/trainingbook-dev.lv/doctirne/DoctrineORM-2.1.6/Doctrine/DBAL/Connection.php(342): Doctrine\DBAL\Driver\PDOMySql\Driver->connect(Array, 'root', '', Array)
#3 /var/www/trainingbook-dev.lv/doctirne/DoctrineORM-2.1.6/Doctrine/DBAL/Connection.php(853): Doctrine\DBAL\Connection->connect()
#4 /var/www/trainingbook-dev.lv/tb/TrainingBook/application/Service/ServiceManager.php(52): Doctrine\DBAL\Connection->beginTransaction()
#5 [internal function]: Service\ServiceManager->__call('getCurrentUser', Array)
#6 /var/www/trainingbook-dev.lv/tb/TrainingBook/application/controllers/NewsFeedController.php(38): Service\ServiceManager->getCurrentUser()
#7 /var/www/trainingbook-dev.lv/zend/library/Zend/Controller/Action.php(516): NewsFeedController->indexAction()
#8 /var/www/trainingbook-dev.lv/zend/library/Zend/Controller/Dispatcher/Standard.php(295): Zend_Controller_Action->dispatch('indexAction')
#9 /var/www/trainingbook-dev.lv/zend/library/Zend/Controller/Front.php(954): Zend_Controller_Dispatcher_Standard->dispatch(Object(Zend_Controller_Request_Http), Object(Zend_Controller_Response_Http))
#10 /var/www/trainingbook-dev.lv/zend/library/Zend/Application/Bootstrap/Bootstrap.php(97): Zend_Controller_Front->dispatch()
#11 /var/www/trainingbook-dev.lv/zend/library/Zend/Application.php(366): Zend_Application_Bootstrap_Bootstrap->run()
#12 /var/www/trainingbook-dev.lv/tb/TrainingBook/public/index.php(36): Zend_Application->run()
#13 {main}
Array
(
    [controller] => index
    [action] => index
    [module] => default
)
 -- %info%2012-03-20T18:26:53+00:00: Application error
exception 'PDOException' with message 'SQLSTATE[28000] [1045] Access denied for user 'root'@'localhost' (using password: NO)' in /var/www/trainingbook-dev.lv/doctirne/DoctrineORM-2.1.6/Doctrine/DBAL/Driver/PDOConnection.php:36
Stack trace:
#0 /var/www/trainingbook-dev.lv/doctirne/DoctrineORM-2.1.6/Doctrine/DBAL/Driver/PDOConnection.php(36): PDO->__construct('mysql:host=loca...', 'root', '', Array)
#1 /var/www/trainingbook-dev.lv/doctirne/DoctrineORM-2.1.6/Doctrine/DBAL/Driver/PDOMySql/Driver.php(47): Doctrine\DBAL\Driver\PDOConnection->__construct('mysql:host=loca...', 'root', '', Array)
#2 /var/www/trainingbook-dev.lv/doctirne/DoctrineORM-2.1.6/Doctrine/DBAL/Connection.php(342): Doctrine\DBAL\Driver\PDOMySql\Driver->connect(Array, 'root', '', Array)
#3 /var/www/trainingbook-dev.lv/doctirne/DoctrineORM-2.1.6/Doctrine/DBAL/Connection.php(853): Doctrine\DBAL\Connection->connect()
#4 /var/www/trainingbook-dev.lv/tb/TrainingBook/application/Service/ServiceManager.php(52): Doctrine\DBAL\Connection->beginTransaction()
#5 [internal function]: Service\ServiceManager->__call('getCurrentUser', Array)
#6 /var/www/trainingbook-dev.lv/tb/TrainingBook/application/controllers/NewsFeedController.php(38): Service\ServiceManager->getCurrentUser()
#7 /var/www/trainingbook-dev.lv/zend/library/Zend/Controller/Action.php(516): NewsFeedController->indexAction()
#8 /var/www/trainingbook-dev.lv/zend/library/Zend/Controller/Dispatcher/Standard.php(295): Zend_Controller_Action->dispatch('indexAction')
#9 /var/www/trainingbook-dev.lv/zend/library/Zend/Controller/Front.php(954): Zend_Controller_Dispatcher_Standard->dispatch(Object(Zend_Controller_Request_Http), Object(Zend_Controller_Response_Http))
#10 /var/www/trainingbook-dev.lv/zend/library/Zend/Application/Bootstrap/Bootstrap.php(97): Zend_Controller_Front->dispatch()
#11 /var/www/trainingbook-dev.lv/zend/library/Zend/Application.php(366): Zend_Application_Bootstrap_Bootstrap->run()
#12 /var/www/trainingbook-dev.lv/tb/TrainingBook/public/index.php(36): Zend_Application->run()
#13 {main}
Array
(
    [controller] => index
    [action] => index
    [module] => default
)
 -- %info%2012-03-20T18:27:08+00:00: Application error
exception 'PDOException' with message 'SQLSTATE[28000] [1045] Access denied for user 'root'@'localhost' (using password: NO)' in /var/www/trainingbook-dev.lv/doctirne/DoctrineORM-2.1.6/Doctrine/DBAL/Driver/PDOConnection.php:36
Stack trace:
#0 /var/www/trainingbook-dev.lv/doctirne/DoctrineORM-2.1.6/Doctrine/DBAL/Driver/PDOConnection.php(36): PDO->__construct('mysql:host=loca...', 'root', '', Array)
#1 /var/www/trainingbook-dev.lv/doctirne/DoctrineORM-2.1.6/Doctrine/DBAL/Driver/PDOMySql/Driver.php(47): Doctrine\DBAL\Driver\PDOConnection->__construct('mysql:host=loca...', 'root', '', Array)
#2 /var/www/trainingbook-dev.lv/doctirne/DoctrineORM-2.1.6/Doctrine/DBAL/Connection.php(342): Doctrine\DBAL\Driver\PDOMySql\Driver->connect(Array, 'root', '', Array)
#3 /var/www/trainingbook-dev.lv/doctirne/DoctrineORM-2.1.6/Doctrine/DBAL/Connection.php(853): Doctrine\DBAL\Connection->connect()
#4 /var/www/trainingbook-dev.lv/tb/TrainingBook/application/Service/ServiceManager.php(52): Doctrine\DBAL\Connection->beginTransaction()
#5 [internal function]: Service\ServiceManager->__call('getCurrentUser', Array)
#6 /var/www/trainingbook-dev.lv/tb/TrainingBook/application/controllers/NewsFeedController.php(38): Service\ServiceManager->getCurrentUser()
#7 /var/www/trainingbook-dev.lv/zend/library/Zend/Controller/Action.php(516): NewsFeedController->indexAction()
#8 /var/www/trainingbook-dev.lv/zend/library/Zend/Controller/Dispatcher/Standard.php(295): Zend_Controller_Action->dispatch('indexAction')
#9 /var/www/trainingbook-dev.lv/zend/library/Zend/Controller/Front.php(954): Zend_Controller_Dispatcher_Standard->dispatch(Object(Zend_Controller_Request_Http), Object(Zend_Controller_Response_Http))
#10 /var/www/trainingbook-dev.lv/zend/library/Zend/Application/Bootstrap/Bootstrap.php(97): Zend_Controller_Front->dispatch()
#11 /var/www/trainingbook-dev.lv/zend/library/Zend/Application.php(366): Zend_Application_Bootstrap_Bootstrap->run()
#12 /var/www/trainingbook-dev.lv/tb/TrainingBook/public/index.php(36): Zend_Application->run()
#13 {main}
Array
(
    [controller] => index
    [action] => index
    [module] => default
)
 -- %info%2012-03-20T18:28:08+00:00: Application error
exception 'PDOException' with message 'SQLSTATE[28000] [1045] Access denied for user 'root'@'localhost' (using password: NO)' in /var/www/trainingbook-dev.lv/doctirne/DoctrineORM-2.1.6/Doctrine/DBAL/Driver/PDOConnection.php:36
Stack trace:
#0 /var/www/trainingbook-dev.lv/doctirne/DoctrineORM-2.1.6/Doctrine/DBAL/Driver/PDOConnection.php(36): PDO->__construct('mysql:host=loca...', 'root', '', Array)
#1 /var/www/trainingbook-dev.lv/doctirne/DoctrineORM-2.1.6/Doctrine/DBAL/Driver/PDOMySql/Driver.php(47): Doctrine\DBAL\Driver\PDOConnection->__construct('mysql:host=loca...', 'root', '', Array)
#2 /var/www/trainingbook-dev.lv/doctirne/DoctrineORM-2.1.6/Doctrine/DBAL/Connection.php(342): Doctrine\DBAL\Driver\PDOMySql\Driver->connect(Array, 'root', '', Array)
#3 /var/www/trainingbook-dev.lv/doctirne/DoctrineORM-2.1.6/Doctrine/DBAL/Connection.php(853): Doctrine\DBAL\Connection->connect()
#4 /var/www/trainingbook-dev.lv/tb/TrainingBook/application/Service/ServiceManager.php(52): Doctrine\DBAL\Connection->beginTransaction()
#5 [internal function]: Service\ServiceManager->__call('getCurrentUser', Array)
#6 /var/www/trainingbook-dev.lv/tb/TrainingBook/application/controllers/NewsFeedController.php(38): Service\ServiceManager->getCurrentUser()
#7 /var/www/trainingbook-dev.lv/zend/library/Zend/Controller/Action.php(516): NewsFeedController->indexAction()
#8 /var/www/trainingbook-dev.lv/zend/library/Zend/Controller/Dispatcher/Standard.php(295): Zend_Controller_Action->dispatch('indexAction')
#9 /var/www/trainingbook-dev.lv/zend/library/Zend/Controller/Front.php(954): Zend_Controller_Dispatcher_Standard->dispatch(Object(Zend_Controller_Request_Http), Object(Zend_Controller_Response_Http))
#10 /var/www/trainingbook-dev.lv/zend/library/Zend/Application/Bootstrap/Bootstrap.php(97): Zend_Controller_Front->dispatch()
#11 /var/www/trainingbook-dev.lv/zend/library/Zend/Application.php(366): Zend_Application_Bootstrap_Bootstrap->run()
#12 /var/www/trainingbook-dev.lv/tb/TrainingBook/public/index.php(36): Zend_Application->run()
#13 {main}
Array
(
    [controller] => index
    [action] => index
    [module] => default
)
 -- %info%2012-03-20T18:30:03+00:00: Application error
exception 'PDOException' with message 'SQLSTATE[42S22]: Column not found: 1054 Unknown column 't0.goal_type' in 'field list'' in /var/www/trainingbook-dev.lv/doctirne/DoctrineORM-2.1.6/Doctrine/DBAL/Connection.php:613
Stack trace:
#0 /var/www/trainingbook-dev.lv/doctirne/DoctrineORM-2.1.6/Doctrine/DBAL/Connection.php(613): PDOStatement->execute()
#1 /var/www/trainingbook-dev.lv/doctirne/DoctrineORM-2.1.6/Doctrine/ORM/Persisters/BasicEntityPersister.php(570): Doctrine\DBAL\Connection->executeQuery('SELECT t0.id AS...', Array, Array)
#2 /var/www/trainingbook-dev.lv/doctirne/DoctrineORM-2.1.6/Doctrine/ORM/EntityRepository.php(130): Doctrine\ORM\Persisters\BasicEntityPersister->load(Array)
#3 /var/www/trainingbook-dev.lv/doctirne/DoctrineORM-2.1.6/Doctrine/ORM/EntityManager.php(350): Doctrine\ORM\EntityRepository->find(130, 0, NULL)
#4 /var/www/trainingbook-dev.lv/tb/TrainingBook/application/Service/User.php(30): Doctrine\ORM\EntityManager->find('Entity\User', 130)
#5 /var/www/trainingbook-dev.lv/tb/TrainingBook/application/Service/User.php(44): Service\User->getUser(130)
#6 [internal function]: Service\User->getCurrentUser()
#7 /var/www/trainingbook-dev.lv/tb/TrainingBook/application/Service/ServiceManager.php(60): call_user_func_array(Array, Array)
#8 [internal function]: Service\ServiceManager->__call('getCurrentUser', Array)
#9 /var/www/trainingbook-dev.lv/tb/TrainingBook/application/controllers/NewsFeedController.php(38): Service\ServiceManager->getCurrentUser()
#10 /var/www/trainingbook-dev.lv/zend/library/Zend/Controller/Action.php(516): NewsFeedController->indexAction()
#11 /var/www/trainingbook-dev.lv/zend/library/Zend/Controller/Dispatcher/Standard.php(295): Zend_Controller_Action->dispatch('indexAction')
#12 /var/www/trainingbook-dev.lv/zend/library/Zend/Controller/Front.php(954): Zend_Controller_Dispatcher_Standard->dispatch(Object(Zend_Controller_Request_Http), Object(Zend_Controller_Response_Http))
#13 /var/www/trainingbook-dev.lv/zend/library/Zend/Application/Bootstrap/Bootstrap.php(97): Zend_Controller_Front->dispatch()
#14 /var/www/trainingbook-dev.lv/zend/library/Zend/Application.php(366): Zend_Application_Bootstrap_Bootstrap->run()
#15 /var/www/trainingbook-dev.lv/tb/TrainingBook/public/index.php(36): Zend_Application->run()
#16 {main}
Array
(
    [controller] => index
    [action] => index
    [module] => default
)
 -- %info%2012-03-20T19:58:49+00:00: Page not found
exception 'Zend_Controller_Dispatcher_Exception' with message 'Invalid controller specified (partner)' in /var/www/trainingbook-dev.lv/zend/library/Zend/Controller/Dispatcher/Standard.php:248
Stack trace:
#0 /var/www/trainingbook-dev.lv/zend/library/Zend/Controller/Front.php(954): Zend_Controller_Dispatcher_Standard->dispatch(Object(Zend_Controller_Request_Http), Object(Zend_Controller_Response_Http))
#1 /var/www/trainingbook-dev.lv/zend/library/Zend/Application/Bootstrap/Bootstrap.php(97): Zend_Controller_Front->dispatch()
#2 /var/www/trainingbook-dev.lv/zend/library/Zend/Application.php(366): Zend_Application_Bootstrap_Bootstrap->run()
#3 /var/www/trainingbook-dev.lv/tb/TrainingBook/public/index.php(36): Zend_Application->run()
#4 {main}
Array
(
    [controller] => partner
    [action] => icons.jpg
    [module] => default
)
 -- %info%2012-03-20T19:58:52+00:00: Page not found
exception 'Zend_Controller_Dispatcher_Exception' with message 'Invalid controller specified (partner)' in /var/www/trainingbook-dev.lv/zend/library/Zend/Controller/Dispatcher/Standard.php:248
Stack trace:
#0 /var/www/trainingbook-dev.lv/zend/library/Zend/Controller/Front.php(954): Zend_Controller_Dispatcher_Standard->dispatch(Object(Zend_Controller_Request_Http), Object(Zend_Controller_Response_Http))
#1 /var/www/trainingbook-dev.lv/zend/library/Zend/Application/Bootstrap/Bootstrap.php(97): Zend_Controller_Front->dispatch()
#2 /var/www/trainingbook-dev.lv/zend/library/Zend/Application.php(366): Zend_Application_Bootstrap_Bootstrap->run()
#3 /var/www/trainingbook-dev.lv/tb/TrainingBook/public/index.php(36): Zend_Application->run()
#4 {main}
Array
(
    [controller] => partner
    [action] => icons.jpg
    [module] => default
)
 -- %info%2012-03-20T19:58:55+00:00: Page not found
exception 'Zend_Controller_Dispatcher_Exception' with message 'Invalid controller specified (partner)' in /var/www/trainingbook-dev.lv/zend/library/Zend/Controller/Dispatcher/Standard.php:248
Stack trace:
#0 /var/www/trainingbook-dev.lv/zend/library/Zend/Controller/Front.php(954): Zend_Controller_Dispatcher_Standard->dispatch(Object(Zend_Controller_Request_Http), Object(Zend_Controller_Response_Http))
#1 /var/www/trainingbook-dev.lv/zend/library/Zend/Application/Bootstrap/Bootstrap.php(97): Zend_Controller_Front->dispatch()
#2 /var/www/trainingbook-dev.lv/zend/library/Zend/Application.php(366): Zend_Application_Bootstrap_Bootstrap->run()
#3 /var/www/trainingbook-dev.lv/tb/TrainingBook/public/index.php(36): Zend_Application->run()
#4 {main}
Array
(
    [controller] => partner
    [action] => icons.jpg
    [module] => default
)
 -- %info%2012-03-20T19:58:56+00:00: Page not found
exception 'Zend_Controller_Dispatcher_Exception' with message 'Invalid controller specified (partner)' in /var/www/trainingbook-dev.lv/zend/library/Zend/Controller/Dispatcher/Standard.php:248
Stack trace:
#0 /var/www/trainingbook-dev.lv/zend/library/Zend/Controller/Front.php(954): Zend_Controller_Dispatcher_Standard->dispatch(Object(Zend_Controller_Request_Http), Object(Zend_Controller_Response_Http))
#1 /var/www/trainingbook-dev.lv/zend/library/Zend/Application/Bootstrap/Bootstrap.php(97): Zend_Controller_Front->dispatch()
#2 /var/www/trainingbook-dev.lv/zend/library/Zend/Application.php(366): Zend_Application_Bootstrap_Bootstrap->run()
#3 /var/www/trainingbook-dev.lv/tb/TrainingBook/public/index.php(36): Zend_Application->run()
#4 {main}
Array
(
    [controller] => partner
    [action] => icons.jpg
    [module] => default
)
 -- %info%